GROUP,PACKAGE,CLASS,INSTRUCTION_MISSED,INSTRUCTION_COVERED,BRANCH_MISSED,BRANCH_COVERED,LINE_MISSED,LINE_COVERED,COMPLEXITY_MISSED,COMPLEXITY_COVERED,METHOD_MISSED,METHOD_COVERED
note,com.medilabo.solutions.note.exception,ResourceNotFoundException,0,4,0,0,0,2,0,1,0,1
note,com.medilabo.solutions.note.exception,GlobalExceptionHandler.ErrorResponse,0,18,0,0,0,6,0,1,0,1
note,com.medilabo.solutions.note.exception,GlobalExceptionHandler,19,39,0,0,5,12,1,3,1,3
note,com.medilabo.solutions.note.controller,NoteController,0,21,0,0,0,5,0,3,0,3
note,com.medilabo.solutions.note,NoteApplication,5,3,0,0,2,1,1,1,1,1
note,com.medilabo.solutions.note.service,NoteService,0,77,0,2,0,19,0,5,0,4
note,com.medilabo.solutions.note.mapper,NoteMapperImpl,55,0,4,0,17,0,5,0,3,0
