<?xml version="1.0" encoding="UTF-8"?>
<testsuite xmlns:xsi="http://www.w3.org/2001/XMLSchema-instance" xsi:noNamespaceSchemaLocation="https://maven.apache.org/surefire/maven-surefire-plugin/xsd/surefire-test-report-3.0.xsd" version="3.0" name="com.medilabo.solutions.patient.PatientApplicationTests" time="6.615" tests="1" errors="0" skipped="0" failures="0">
  <properties>
[...]
</properties>
  <testcase name="contextLoads" classname="com.medilabo.solutions.patient.PatientApplicationTests" time="0.387">
    <system-out><![CDATA[11:16:56.240 [main] INFO org.springframework.test.context.support.AnnotationConfigContextLoaderUtils -- Could not detect default configuration classes for test class [com.medilabo.solutions.patient.PatientApplicationTests]: PatientApplicationTests does not declare any static, non-private, non-final, nested classes annotated with @Configuration.
11:16:56.390 [main] INFO org.springframework.boot.test.context.SpringBootTestContextBootstrapper -- Found @SpringBootConfiguration com.medilabo.solutions.patient.PatientApplication for test class com.medilabo.solutions.patient.PatientApplicationTests

  .   ____          _            __ _ _
 /\\ / ___'_ __ _ _(_)_ __  __ _ \ \ \ \
( ( )\___ | '_ | '_| | '_ \/ _` | \ \ \ \
 \\/  ___)| |_)| | | | | || (_| |  ) ) ) )
  '  |____| .__|_| |_|_| |_\__, | / / / /
 =========|_|==============|___/=/_/_/_/

&amp#27;[32m :: Spring Boot :: &amp#27;[39m              &amp#27;[2m (v3.5.0)&amp#27;[0;39m

&amp#27;[2m2025-06-10T11:16:57.064Z&amp#27;[0;39m &amp#27;[32m INFO&amp#27;[0;39m &amp#27;[35m2056&amp#27;[0;39m &amp#27;[2m--- [patient-test] [           main] &amp#27;[0;39m&amp#27;[36mc.m.s.patient.PatientApplicationTests   &amp#27;[0;39m &amp#27;[2m:&amp#27;[0;39m Starting PatientApplicationTests using Java 21.0.7 with PID 2056 (started by runner in /home/runner/work/Fraigneau-Lucas-P9-java/Fraigneau-Lucas-P9-java/patient)
&amp#27;[2m2025-06-10T11:16:57.066Z&amp#27;[0;39m &amp#27;[32m INFO&amp#27;[0;39m &amp#27;[35m2056&amp#27;[0;39m &amp#27;[2m--- [patient-test] [           main] &amp#27;[0;39m&amp#27;[36mc.m.s.patient.PatientApplicationTests   &amp#27;[0;39m &amp#27;[2m:&amp#27;[0;39m The following 1 profile is active: "test"
&amp#27;[2m2025-06-10T11:16:58.105Z&amp#27;[0;39m &amp#27;[32m INFO&amp#27;[0;39m &amp#27;[35m2056&amp#27;[0;39m &amp#27;[2m--- [patient-test] [           main] &amp#27;[0;39m&amp#27;[36m.s.d.r.c.RepositoryConfigurationDelegate&amp#27;[0;39m &amp#27;[2m:&amp#27;[0;39m Bootstrapping Spring Data JPA repositories in DEFAULT mode.
&amp#27;[2m2025-06-10T11:16:58.183Z&amp#27;[0;39m &amp#27;[32m INFO&amp#27;[0;39m &amp#27;[35m2056&amp#27;[0;39m &amp#27;[2m--- [patient-test] [           main] &amp#27;[0;39m&amp#27;[36m.s.d.r.c.RepositoryConfigurationDelegate&amp#27;[0;39m &amp#27;[2m:&amp#27;[0;39m Finished Spring Data repository scanning in 66 ms. Found 1 JPA repository interface.
&amp#27;[2m2025-06-10T11:16:58.755Z&amp#27;[0;39m &amp#27;[32m INFO&amp#27;[0;39m &amp#27;[35m2056&amp#27;[0;39m &amp#27;[2m--- [patient-test] [           main] &amp#27;[0;39m&amp#27;[36mo.hibernate.jpa.internal.util.LogHelper &amp#27;[0;39m &amp#27;[2m:&amp#27;[0;39m HHH000204: Processing PersistenceUnitInfo [name: default]
&amp#27;[2m2025-06-10T11:16:58.833Z&amp#27;[0;39m &amp#27;[32m INFO&amp#27;[0;39m &amp#27;[35m2056&amp#27;[0;39m &amp#27;[2m--- [patient-test] [           main] &amp#27;[0;39m&amp#27;[36morg.hibernate.Version                   &amp#27;[0;39m &amp#27;[2m:&amp#27;[0;39m HHH000412: Hibernate ORM core version 6.6.15.Final
&amp#27;[2m2025-06-10T11:16:58.880Z&amp#27;[0;39m &amp#27;[32m INFO&amp#27;[0;39m &amp#27;[35m2056&amp#27;[0;39m &amp#27;[2m--- [patient-test] [           main] &amp#27;[0;39m&amp#27;[36mo.h.c.internal.RegionFactoryInitiator   &amp#27;[0;39m &amp#27;[2m:&amp#27;[0;39m HHH000026: Second-level cache disabled
&amp#27;[2m2025-06-10T11:16:59.321Z&amp#27;[0;39m &amp#27;[32m INFO&amp#27;[0;39m &amp#27;[35m2056&amp#27;[0;39m &amp#27;[2m--- [patient-test] [           main] &amp#27;[0;39m&amp#27;[36mo.s.o.j.p.SpringPersistenceUnitInfo     &amp#27;[0;39m &amp#27;[2m:&amp#27;[0;39m No LoadTimeWeaver setup: ignoring JPA class transformer
&amp#27;[2m2025-06-10T11:16:59.370Z&amp#27;[0;39m &amp#27;[32m INFO&amp#27;[0;39m &amp#27;[35m2056&amp#27;[0;39m &amp#27;[2m--- [patient-test] [           main] &amp#27;[0;39m&amp#27;[36mcom.zaxxer.hikari.HikariDataSource      &amp#27;[0;39m &amp#27;[2m:&amp#27;[0;39m HikariPool-1 - Starting...
&amp#27;[2m2025-06-10T11:16:59.835Z&amp#27;[0;39m &amp#27;[32m INFO&amp#27;[0;39m &amp#27;[35m2056&amp#27;[0;39m &amp#27;[2m--- [patient-test] [           main] &amp#27;[0;39m&amp#27;[36mcom.zaxxer.hikari.pool.HikariPool       &amp#27;[0;39m &amp#27;[2m:&amp#27;[0;39m HikariPool-1 - Added connection conn0: url=jdbc:h2:mem:testdb user=PATIENT-TEST
&amp#27;[2m2025-06-10T11:16:59.837Z&amp#27;[0;39m &amp#27;[32m INFO&amp#27;[0;39m &amp#27;[35m2056&amp#27;[0;39m &amp#27;[2m--- [patient-test] [           main] &amp#27;[0;39m&amp#27;[36mcom.zaxxer.hikari.HikariDataSource      &amp#27;[0;39m &amp#27;[2m:&amp#27;[0;39m HikariPool-1 - Start completed.
&amp#27;[2m2025-06-10T11:16:59.884Z&amp#27;[0;39m &amp#27;[33m WARN&amp#27;[0;39m &amp#27;[35m2056&amp#27;[0;39m &amp#27;[2m--- [patient-test] [           main] &amp#27;[0;39m&amp#27;[36morg.hibernate.orm.deprecation           &amp#27;[0;39m &amp#27;[2m:&amp#27;[0;39m HHH90000025: H2Dialect does not need to be specified explicitly using 'hibernate.dialect' (remove the property setting and it will be selected by default)
&amp#27;[2m2025-06-10T11:16:59.917Z&amp#27;[0;39m &amp#27;[32m INFO&amp#27;[0;39m &amp#27;[35m2056&amp#27;[0;39m &amp#27;[2m--- [patient-test] [           main] &amp#27;[0;39m&amp#27;[36morg.hibernate.orm.connections.pooling   &amp#27;[0;39m &amp#27;[2m:&amp#27;[0;39m HHH10001005: Database info:
	Database JDBC URL [Connecting through datasource 'HikariDataSource (HikariPool-1)']
	Database driver: undefined/unknown
	Database version: 2.3.232
	Autocommit mode: undefined/unknown
	Isolation level: undefined/unknown
	Minimum pool size: undefined/unknown
	Maximum pool size: undefined/unknown
&amp#27;[2m2025-06-10T11:17:01.213Z&amp#27;[0;39m &amp#27;[32m INFO&amp#27;[0;39m &amp#27;[35m2056&amp#27;[0;39m &amp#27;[2m--- [patient-test] [           main] &amp#27;[0;39m&amp#27;[36mo.h.e.t.j.p.i.JtaPlatformInitiator      &amp#27;[0;39m &amp#27;[2m:&amp#27;[0;39m HHH000489: No JTA platform available (set 'hibernate.transaction.jta.platform' to enable JTA platform integration)
Hibernate: 
    drop table if exists patients cascade 
Hibernate: 
    create table patients (
        birth_date date not null,
        id integer generated by default as identity,
        created_at timestamp(6) not null,
        updated_at timestamp(6),
        gender varchar(50) not null,
        phone_number varchar(50),
        firstname varchar(100) not null,
        lastname varchar(100) not null,
        address varchar(255),
        primary key (id)
    )
&amp#27;[2m2025-06-10T11:17:01.264Z&amp#27;[0;39m &amp#27;[32m INFO&amp#27;[0;39m &amp#27;[35m2056&amp#27;[0;39m &amp#27;[2m--- [patient-test] [           main] &amp#27;[0;39m&amp#27;[36mj.LocalContainerEntityManagerFactoryBean&amp#27;[0;39m &amp#27;[2m:&amp#27;[0;39m Initialized JPA EntityManagerFactory for persistence unit 'default'
&amp#27;[2m2025-06-10T11:17:02.124Z&amp#27;[0;39m &amp#27;[32m INFO&amp#27;[0;39m &amp#27;[35m2056&amp#27;[0;39m &amp#27;[2m--- [patient-test] [           main] &amp#27;[0;39m&amp#27;[36mo.s.b.a.h2.H2ConsoleAutoConfiguration   &amp#27;[0;39m &amp#27;[2m:&amp#27;[0;39m H2 console available at '/h2-console'. Database available at 'jdbc:h2:mem:testdb'
&amp#27;[2m2025-06-10T11:17:02.198Z&amp#27;[0;39m &amp#27;[32m INFO&amp#27;[0;39m &amp#27;[35m2056&amp#27;[0;39m &amp#27;[2m--- [patient-test] [           main] &amp#27;[0;39m&amp#27;[36mc.m.s.patient.PatientApplicationTests   &amp#27;[0;39m &amp#27;[2m:&amp#27;[0;39m Started PatientApplicationTests in 5.612 seconds (process running for 7.125)
]]></system-out>
    <system-err><![CDATA[Mockito is currently self-attaching to enable the inline-mock-maker. This will no longer work in future releases of the JDK. Please add Mockito as an agent to your build as described in Mockito's documentation: https://javadoc.io/doc/org.mockito/mockito-core/latest/org.mockito/org/mockito/Mockito.html#0.3
WARNING: A Java agent has been loaded dynamically (/home/runner/.m2/repository/net/bytebuddy/byte-buddy-agent/1.17.5/byte-buddy-agent-1.17.5.jar)
WARNING: If a serviceability tool is in use, please run with -XX:+EnableDynamicAgentLoading to hide this warning
WARNING: If a serviceability tool is not in use, please run with -Djdk.instrument.traceUsage for more information
WARNING: Dynamic loading of agents will be disallowed by default in a future release
]]></system-err>
  </testcase>
</testsuite>